2026-01-08T16:00:22.216Z: Server initializing...
2026-01-08T16:00:22.476Z: Modules loaded successfully.
2026-01-08T16:00:22.483Z: Server successfully running on http://localhost:3000
2026-01-08T16:03:48.721Z: Server initializing...
2026-01-08T16:03:48.968Z: Modules loaded successfully.
2026-01-08T16:03:48.984Z: Server successfully running on http://localhost:3000
2026-01-08T16:17:06.360Z: Server initializing...
2026-01-08T16:17:06.713Z: Modules loaded successfully.
2026-01-08T16:17:06.716Z: Store loaded
2026-01-08T16:17:06.730Z: Server successfully running on http://localhost:3000
2026-01-08T16:19:56.652Z: Server initializing...
2026-01-08T16:19:56.886Z: Modules loaded successfully.
2026-01-08T16:19:56.894Z: Store loaded
2026-01-08T16:19:56.907Z: Server successfully running on http://localhost:3000
2026-01-08T16:22:06.059Z: Server initializing...
2026-01-08T16:22:06.316Z: Modules loaded successfully.
2026-01-08T16:22:06.319Z: Store loaded
2026-01-08T16:22:06.333Z: Server successfully running on http://localhost:3000
2026-01-08T16:23:45.222Z: Server initializing...
2026-01-08T16:23:45.469Z: Modules loaded successfully.
2026-01-08T16:23:45.472Z: Store loaded
2026-01-08T16:23:45.486Z: Server successfully running on http://localhost:3000
2026-01-08T16:28:13.941Z: Server initializing...
2026-01-08T16:28:14.195Z: Modules loaded successfully.
2026-01-08T16:28:14.198Z: Store loaded
2026-01-08T16:28:14.212Z: Server successfully running on http://localhost:3000
2026-01-08T16:28:27.152Z: Server initializing...
2026-01-08T16:28:27.386Z: Modules loaded successfully.
2026-01-08T16:28:27.389Z: Store loaded
2026-01-08T16:28:27.393Z: Port 3000 is in use! Trying 3001...
2026-01-08T16:28:27.394Z: Server running on fallback port 3001
2026-01-08T16:31:36.140Z: Server initializing...
2026-01-08T16:31:36.373Z: Modules loaded successfully.
2026-01-08T16:31:36.376Z: Store loaded
2026-01-08T16:31:36.390Z: Server successfully running on http://localhost:3000
2026-01-08T16:36:42.151Z: Server initializing...
2026-01-08T16:36:42.385Z: Modules loaded successfully.
2026-01-08T16:36:42.388Z: Store loaded
2026-01-08T16:36:42.392Z: Port 3000 is in use! Trying 3001...
2026-01-08T16:36:42.393Z: Server running on fallback port 3001
2026-01-08T16:36:54.812Z: Server initializing...
2026-01-08T16:36:55.040Z: Modules loaded successfully.
2026-01-08T16:36:55.043Z: Store loaded
2026-01-08T16:36:55.056Z: Server successfully running on http://localhost:3000
2026-01-08T16:37:28.852Z: Server initializing...
2026-01-08T16:37:29.085Z: Modules loaded successfully.
2026-01-08T16:37:29.088Z: Store loaded
2026-01-08T16:37:29.101Z: Server successfully running on http://localhost:3000
2026-01-08T16:37:50.131Z: Server initializing...
2026-01-08T16:37:50.363Z: Modules loaded successfully.
2026-01-08T16:37:50.366Z: Store loaded
2026-01-08T16:37:50.370Z: Port 3000 is in use! Trying 3001...
2026-01-08T16:37:50.371Z: Server running on fallback port 3001
2026-01-08T16:39:36.864Z: Server initializing...
2026-01-08T16:39:37.121Z: Modules loaded successfully.
2026-01-08T16:39:37.123Z: Store loaded
2026-01-08T16:39:37.137Z: Server successfully running on http://localhost:3000
2026-01-08T16:54:23.380Z: Server initializing...
2026-01-08T16:54:23.789Z: Modules loaded successfully.
2026-01-08T16:54:23.793Z: Store loaded
2026-01-08T16:54:23.810Z: Server successfully running on http://localhost:3000
2026-01-09T10:48:30.975Z: Server initializing...
2026-01-09T10:48:31.431Z: Modules loaded successfully.
2026-01-09T10:48:31.435Z: Store loaded
2026-01-09T10:48:31.450Z: Server successfully running on http://localhost:3000
2026-01-09T10:51:33.333Z: Server initializing...
2026-01-09T10:51:33.556Z: Modules loaded successfully.
2026-01-09T10:51:33.559Z: Store loaded
2026-01-09T10:51:33.572Z: Server successfully running on http://localhost:3000
